{"contracts/AucEngine.sol":{"l":{"24":3,"29":0,"31":0,"33":0,"45":0,"47":0,"50":0,"51":0,"55":0,"56":0,"57":0,"58":0,"62":0,"63":0,"64":0,"65":0,"66":0,"67":0,"68":0,"70":0,"71":0,"74":0,"75":0,"76":0},"path":"/Users/ales/Work/IOV/demo-code-snippets/youtube-blockchain-dev-course/contracts/AucEngine.sol","s":{"1":3,"2":0,"3":0,"4":0,"5":0,"6":0,"7":0,"8":0,"9":0,"10":0,"11":0,"12":0,"13":0,"14":0,"15":0,"16":0,"17":0,"18":0,"19":0,"20":0,"21":0,"22":0,"23":0},"b":{"1":[0,0],"2":[0,0],"3":[0,0],"4":[0,0],"5":[0,0]},"f":{"1":3,"2":0,"3":0,"4":0,"5":0},"fnMap":{"1":{"name":"constructor","line":23,"loc":{"start":{"line":23,"column":2},"end":{"line":25,"column":2}}},"2":{"name":"createAuction","line":28,"loc":{"start":{"line":28,"column":2},"end":{"line":48,"column":2}}},"3":{"name":"notStopped","line":49,"loc":{"start":{"line":49,"column":2},"end":{"line":52,"column":2}}},"4":{"name":"getPriceFor","line":54,"loc":{"start":{"line":54,"column":2},"end":{"line":59,"column":2}}},"5":{"name":"buy","line":61,"loc":{"start":{"line":61,"column":2},"end":{"line":77,"column":2}}}},"statementMap":{"1":{"start":{"line":24,"column":4},"end":{"line":24,"column":21}},"2":{"start":{"line":29,"column":4},"end":{"line":29,"column":57}},"3":{"start":{"line":31,"column":4},"end":{"line":31,"column":81}},"4":{"start":{"line":33,"column":4},"end":{"line":33,"column":1227}},"5":{"start":{"line":45,"column":4},"end":{"line":45,"column":28}},"6":{"start":{"line":47,"column":4},"end":{"line":47,"column":77}},"7":{"start":{"line":50,"column":4},"end":{"line":50,"column":48}},"8":{"start":{"line":55,"column":4},"end":{"line":55,"column":45}},"9":{"start":{"line":56,"column":4},"end":{"line":56,"column":53}},"10":{"start":{"line":57,"column":4},"end":{"line":57,"column":51}},"11":{"start":{"line":58,"column":4},"end":{"line":58,"column":44}},"12":{"start":{"line":62,"column":4},"end":{"line":62,"column":46}},"13":{"start":{"line":63,"column":4},"end":{"line":63,"column":57}},"14":{"start":{"line":64,"column":4},"end":{"line":64,"column":36}},"15":{"start":{"line":65,"column":4},"end":{"line":65,"column":55}},"16":{"start":{"line":66,"column":4},"end":{"line":66,"column":26}},"17":{"start":{"line":67,"column":4},"end":{"line":67,"column":31}},"18":{"start":{"line":68,"column":4},"end":{"line":68,"column":36}},"19":{"start":{"line":70,"column":4},"end":{"line":70,"column":2503}},"20":{"start":{"line":71,"column":6},"end":{"line":71,"column":41}},"21":{"start":{"line":74,"column":4},"end":{"line":74,"column":41}},"22":{"start":{"line":75,"column":4},"end":{"line":75,"column":47}},"23":{"start":{"line":76,"column":4},"end":{"line":76,"column":48}}},"branchMap":{"1":{"line":31,"type":"if","locations":[{"start":{"line":31,"column":4},"end":{"line":31,"column":4}},{"start":{"line":31,"column":4},"end":{"line":31,"column":4}}]},"2":{"line":50,"type":"if","locations":[{"start":{"line":50,"column":4},"end":{"line":50,"column":4}},{"start":{"line":50,"column":4},"end":{"line":50,"column":4}}]},"3":{"line":63,"type":"if","locations":[{"start":{"line":63,"column":4},"end":{"line":63,"column":4}},{"start":{"line":63,"column":4},"end":{"line":63,"column":4}}]},"4":{"line":65,"type":"if","locations":[{"start":{"line":65,"column":4},"end":{"line":65,"column":4}},{"start":{"line":65,"column":4},"end":{"line":65,"column":4}}]},"5":{"line":70,"type":"if","locations":[{"start":{"line":70,"column":4},"end":{"line":70,"column":4}},{"start":{"line":70,"column":4},"end":{"line":70,"column":4}}]}}},"contracts/Demo.sol":{"l":{"10":2,"12":1,"13":0,"16":1,"20":3,"24":3,"28":2,"32":1,"37":3,"42":0},"path":"/Users/ales/Work/IOV/demo-code-snippets/youtube-blockchain-dev-course/contracts/Demo.sol","s":{"1":2,"2":1,"3":0,"4":3,"5":3,"6":2,"7":1,"8":0},"b":{"1":[1,1],"2":[0,1]},"f":{"1":2,"2":3,"3":3,"4":2,"5":1,"6":0},"fnMap":{"1":{"name":"onlyOwner","line":9,"loc":{"start":{"line":9,"column":2},"end":{"line":17,"column":2}}},"2":{"name":"constructor","line":19,"loc":{"start":{"line":19,"column":2},"end":{"line":21,"column":2}}},"3":{"name":"pay","line":23,"loc":{"start":{"line":23,"column":2},"end":{"line":25,"column":2}}},"4":{"name":"balance","line":27,"loc":{"start":{"line":27,"column":2},"end":{"line":29,"column":2}}},"5":{"name":"withdraw","line":31,"loc":{"start":{"line":31,"column":2},"end":{"line":33,"column":2}}},"6":{"name":null,"line":41,"loc":{"start":{"line":41,"column":2},"end":{"line":43,"column":2}}}},"statementMap":{"1":{"start":{"line":10,"column":4},"end":{"line":10,"column":56}},"2":{"start":{"line":12,"column":4},"end":{"line":12,"column":376}},"3":{"start":{"line":13,"column":6},"end":{"line":13,"column":32}},"4":{"start":{"line":20,"column":4},"end":{"line":20,"column":21}},"5":{"start":{"line":24,"column":4},"end":{"line":24,"column":68}},"6":{"start":{"line":28,"column":4},"end":{"line":28,"column":32}},"7":{"start":{"line":32,"column":4},"end":{"line":32,"column":26}},"8":{"start":{"line":42,"column":4},"end":{"line":42,"column":8}}},"branchMap":{"1":{"line":10,"type":"if","locations":[{"start":{"line":10,"column":4},"end":{"line":10,"column":4}},{"start":{"line":10,"column":4},"end":{"line":10,"column":4}}]},"2":{"line":12,"type":"if","locations":[{"start":{"line":12,"column":4},"end":{"line":12,"column":4}},{"start":{"line":12,"column":4},"end":{"line":12,"column":4}}]}}},"contracts/Merkle.sol":{"l":{"14":0,"15":0,"17":0,"18":0,"19":0,"20":0,"21":0,"27":0,"28":0,"33":0,"34":0,"35":0,"37":0,"38":0,"40":0,"42":0,"44":0,"48":0,"52":0},"path":"/Users/ales/Work/IOV/demo-code-snippets/youtube-blockchain-dev-course/contracts/Merkle.sol","s":{"1":0,"2":0,"3":0,"4":0,"5":0,"6":0,"7":0,"8":0,"9":0,"10":0,"11":0,"12":0,"13":0,"14":0,"15":0,"16":0,"17":0,"18":0,"19":0},"b":{"1":[0,0]},"f":{"1":0,"2":0,"3":0,"4":0},"fnMap":{"1":{"name":"constructor","line":13,"loc":{"start":{"line":13,"column":2},"end":{"line":30,"column":2}}},"2":{"name":"verify","line":32,"loc":{"start":{"line":32,"column":2},"end":{"line":45,"column":2}}},"3":{"name":"encode","line":47,"loc":{"start":{"line":47,"column":2},"end":{"line":49,"column":2}}},"4":{"name":"makeHash","line":51,"loc":{"start":{"line":51,"column":2},"end":{"line":53,"column":2}}}},"statementMap":{"1":{"start":{"line":14,"column":4},"end":{"line":14,"column":266}},"2":{"start":{"line":15,"column":6},"end":{"line":15,"column":43}},"3":{"start":{"line":17,"column":4},"end":{"line":17,"column":36}},"4":{"start":{"line":18,"column":4},"end":{"line":18,"column":19}},"5":{"start":{"line":19,"column":4},"end":{"line":19,"column":430}},"6":{"start":{"line":20,"column":6},"end":{"line":20,"column":458}},"7":{"start":{"line":21,"column":8},"end":{"line":21,"column":511}},"8":{"start":{"line":27,"column":6},"end":{"line":27,"column":20}},"9":{"start":{"line":28,"column":6},"end":{"line":28,"column":15}},"10":{"start":{"line":33,"column":4},"end":{"line":33,"column":31}},"11":{"start":{"line":34,"column":4},"end":{"line":34,"column":847}},"12":{"start":{"line":35,"column":6},"end":{"line":35,"column":32}},"13":{"start":{"line":37,"column":6},"end":{"line":37,"column":961}},"14":{"start":{"line":38,"column":8},"end":{"line":38,"column":56}},"15":{"start":{"line":40,"column":8},"end":{"line":40,"column":56}},"16":{"start":{"line":42,"column":6},"end":{"line":42,"column":15}},"17":{"start":{"line":44,"column":4},"end":{"line":44,"column":23}},"18":{"start":{"line":48,"column":4},"end":{"line":48,"column":34}},"19":{"start":{"line":52,"column":4},"end":{"line":52,"column":35}}},"branchMap":{"1":{"line":37,"type":"if","locations":[{"start":{"line":37,"column":6},"end":{"line":37,"column":6}},{"start":{"line":37,"column":6},"end":{"line":37,"column":6}}]}}},"contracts/Optimization.sol":{"l":{"62":0,"63":0,"64":0,"66":0,"129":0,"130":0},"path":"/Users/ales/Work/IOV/demo-code-snippets/youtube-blockchain-dev-course/contracts/Optimization.sol","s":{"1":0,"2":0,"3":0,"4":0,"5":0,"6":0},"b":{},"f":{"1":0,"2":0},"fnMap":{"1":{"name":"doWork","line":61,"loc":{"start":{"line":61,"column":4},"end":{"line":67,"column":4}}},"2":{"name":"doWork","line":128,"loc":{"start":{"line":128,"column":4},"end":{"line":132,"column":4}}}},"statementMap":{"1":{"start":{"line":62,"column":8},"end":{"line":62,"column":21}},"2":{"start":{"line":63,"column":8},"end":{"line":63,"column":2009}},"3":{"start":{"line":64,"column":12},"end":{"line":64,"column":26}},"4":{"start":{"line":66,"column":8},"end":{"line":66,"column":20}},"5":{"start":{"line":129,"column":8},"end":{"line":129,"column":3413}},"6":{"start":{"line":130,"column":12},"end":{"line":130,"column":28}}},"branchMap":{}}}