TN:
SF:/Users/ales/Work/IOV/demo-code-snippets/youtube-blockchain-dev-course/contracts/AucEngine.sol
FN:23,constructor
FN:28,createAuction
FN:49,notStopped
FN:54,getPriceFor
FN:61,buy
FNF:5
FNH:1
FNDA:3,constructor
FNDA:0,createAuction
FNDA:0,notStopped
FNDA:0,getPriceFor
FNDA:0,buy
DA:24,3
DA:29,0
DA:31,0
DA:33,0
DA:45,0
DA:47,0
DA:50,0
DA:51,0
DA:55,0
DA:56,0
DA:57,0
DA:58,0
DA:62,0
DA:63,0
DA:64,0
DA:65,0
DA:66,0
DA:67,0
DA:68,0
DA:70,0
DA:71,0
DA:74,0
DA:75,0
DA:76,0
LF:24
LH:1
BRDA:31,1,0,0
BRDA:31,1,1,0
BRDA:50,2,0,0
BRDA:50,2,1,0
BRDA:63,3,0,0
BRDA:63,3,1,0
BRDA:65,4,0,0
BRDA:65,4,1,0
BRDA:70,5,0,0
BRDA:70,5,1,0
BRF:10
BRH:0
end_of_record
TN:
SF:/Users/ales/Work/IOV/demo-code-snippets/youtube-blockchain-dev-course/contracts/Demo.sol
FN:9,onlyOwner
FN:19,constructor
FN:23,pay
FN:27,balance
FN:31,withdraw
FN:41,
FNF:6
FNH:5
FNDA:2,onlyOwner
FNDA:3,constructor
FNDA:3,pay
FNDA:2,balance
FNDA:1,withdraw
FNDA:0,
DA:10,2
DA:12,1
DA:13,0
DA:16,1
DA:20,3
DA:24,3
DA:28,2
DA:32,1
DA:37,3
DA:42,0
LF:10
LH:8
BRDA:10,1,0,1
BRDA:10,1,1,1
BRDA:12,2,0,0
BRDA:12,2,1,1
BRF:4
BRH:3
end_of_record
TN:
SF:/Users/ales/Work/IOV/demo-code-snippets/youtube-blockchain-dev-course/contracts/Merkle.sol
FN:13,constructor
FN:32,verify
FN:47,encode
FN:51,makeHash
FNF:4
FNH:0
FNDA:0,constructor
FNDA:0,verify
FNDA:0,encode
FNDA:0,makeHash
DA:14,0
DA:15,0
DA:17,0
DA:18,0
DA:19,0
DA:20,0
DA:21,0
DA:27,0
DA:28,0
DA:33,0
DA:34,0
DA:35,0
DA:37,0
DA:38,0
DA:40,0
DA:42,0
DA:44,0
DA:48,0
DA:52,0
LF:19
LH:0
BRDA:37,1,0,0
BRDA:37,1,1,0
BRF:2
BRH:0
end_of_record
TN:
SF:/Users/ales/Work/IOV/demo-code-snippets/youtube-blockchain-dev-course/contracts/Optimization.sol
FN:61,doWork
FN:128,doWork
FNF:2
FNH:0
FNDA:0,doWork
FNDA:0,doWork
DA:62,0
DA:63,0
DA:64,0
DA:66,0
DA:129,0
DA:130,0
LF:6
LH:0
BRF:0
BRH:0
end_of_record
